[debug] [2021-06-15T18:46:11.710Z] ----------------------------------------------------------------------
[debug] [2021-06-15T18:46:11.712Z] Command:       C:\Program Files\nodejs\node.exe C:\Users\abhin\AppData\Roaming\npm\node_modules\firebase-tools\lib\bin\firebase.js deploy
[debug] [2021-06-15T18:46:11.713Z] CLI Version:   9.12.0
[debug] [2021-06-15T18:46:11.713Z] Platform:      win32
[debug] [2021-06-15T18:46:11.713Z] Node Version:  v14.16.0
[debug] [2021-06-15T18:46:11.714Z] Time:          Wed Jun 16 2021 00:16:11 GMT+0530 (India Standard Time)
[debug] [2021-06-15T18:46:11.714Z] ----------------------------------------------------------------------
[debug] 
[debug] [2021-06-15T18:46:11.717Z] >>> [apiv2][query] GET https://firebase-public.firebaseio.com/cli.json [none]
[debug] [2021-06-15T18:46:11.745Z] > command requires scopes: ["email","openid","https://www.googleapis.com/auth/cloudplatformprojects.readonly","https://www.googleapis.com/auth/firebase","https://www.googleapis.com/auth/cloud-platform"]
[debug] [2021-06-15T18:46:11.746Z] > authorizing via signed-in user (abhinandant34@gmail.com)
[debug] [2021-06-15T18:46:11.746Z] [iam] checking project sabkla-final for permissions ["firebase.projects.get","firebasehosting.sites.update"]
[debug] [2021-06-15T18:46:11.747Z] > refreshing access token with scopes: ["email","https://www.googleapis.com/auth/cloud-platform","https://www.googleapis.com/auth/cloudplatformprojects.readonly","https://www.googleapis.com/auth/firebase","openid"]
[debug] [2021-06-15T18:46:11.748Z] >>> HTTP REQUEST POST https://www.googleapis.com/oauth2/v3/token  
 <request body omitted>
[debug] [2021-06-15T18:46:12.215Z] <<< HTTP RESPONSE 200 {"expires":"Mon, 01 Jan 1990 00:00:00 GMT","pragma":"no-cache","date":"Tue, 15 Jun 2021 18:46:11 GMT","cache-control":"no-cache, no-store, max-age=0, must-revalidate","content-type":"application/json; charset=utf-8","vary":"X-Origin, Referer, Origin,Accept-Encoding","server":"scaffolding on HTTPServer2","x-xss-protection":"0","x-frame-options":"SAMEORIGIN","x-content-type-options":"nosniff","alt-svc":"h3=\":443\"; ma=2592000,h3-29=\":443\"; ma=2592000,h3-T051=\":443\"; ma=2592000,h3-Q050=\":443\"; ma=2592000,h3-Q046=\":443\"; ma=2592000,h3-Q043=\":443\"; ma=2592000,quic=\":443\"; ma=2592000; v=\"46,43\"","accept-ranges":"none","transfer-encoding":"chunked"}
[debug] [2021-06-15T18:46:12.228Z] >>> HTTP REQUEST POST https://cloudresourcemanager.googleapis.com/v1/projects/sabkla-final:testIamPermissions  
 {"permissions":["firebase.projects.get","firebasehosting.sites.update"]}
[debug] [2021-06-15T18:46:13.147Z] <<< [apiv2][status] GET https://firebase-public.firebaseio.com/cli.json 200
[debug] [2021-06-15T18:46:13.147Z] <<< [apiv2][body] GET https://firebase-public.firebaseio.com/cli.json {"cloudBuildErrorAfter":1594252800000,"cloudBuildWarnAfter":1590019200000,"defaultNode10After":1594252800000,"minVersion":"3.0.5","node8DeploysDisabledAfter":1613390400000,"node8RuntimeDisabledAfter":1615809600000,"node8WarnAfter":1600128000000}
[debug] [2021-06-15T18:46:14.063Z] <<< HTTP RESPONSE 200 {"content-type":"application/json; charset=UTF-8","vary":"X-Origin, Referer, Origin,Accept-Encoding","date":"Tue, 15 Jun 2021 18:46:12 GMT","server":"ESF","cache-control":"private","x-xss-protection":"0","x-frame-options":"SAMEORIGIN","x-content-type-options":"nosniff","server-timing":"gfet4t7; dur=1384","alt-svc":"h3=\":443\"; ma=2592000,h3-29=\":443\"; ma=2592000,h3-T051=\":443\"; ma=2592000,h3-Q050=\":443\"; ma=2592000,h3-Q046=\":443\"; ma=2592000,h3-Q043=\":443\"; ma=2592000,quic=\":443\"; ma=2592000; v=\"46,43\"","accept-ranges":"none","transfer-encoding":"chunked"}
[debug] [2021-06-15T18:46:14.066Z] > refreshing access token with scopes: []
[debug] [2021-06-15T18:46:14.066Z] >>> HTTP REQUEST POST https://www.googleapis.com/oauth2/v3/token  
 <request body omitted>
[debug] [2021-06-15T18:46:14.438Z] <<< HTTP RESPONSE 200 {"cache-control":"no-cache, no-store, max-age=0, must-revalidate","pragma":"no-cache","expires":"Mon, 01 Jan 1990 00:00:00 GMT","date":"Tue, 15 Jun 2021 18:46:13 GMT","content-type":"application/json; charset=utf-8","vary":"X-Origin, Referer, Origin,Accept-Encoding","server":"scaffolding on HTTPServer2","x-xss-protection":"0","x-frame-options":"SAMEORIGIN","x-content-type-options":"nosniff","alt-svc":"h3=\":443\"; ma=2592000,h3-29=\":443\"; ma=2592000,h3-T051=\":443\"; ma=2592000,h3-Q050=\":443\"; ma=2592000,h3-Q046=\":443\"; ma=2592000,h3-Q043=\":443\"; ma=2592000,quic=\":443\"; ma=2592000; v=\"46,43\"","accept-ranges":"none","transfer-encoding":"chunked"}
[debug] [2021-06-15T18:46:14.456Z] >>> [apiv2][query] GET https://firebase.googleapis.com/v1beta1/projects/sabkla-final [none]
[debug] [2021-06-15T18:46:15.172Z] <<< [apiv2][status] GET https://firebase.googleapis.com/v1beta1/projects/sabkla-final 200
[debug] [2021-06-15T18:46:15.172Z] <<< [apiv2][body] GET https://firebase.googleapis.com/v1beta1/projects/sabkla-final {"projectId":"sabkla-final","projectNumber":"882656939395","displayName":"sabkla-final","name":"projects/sabkla-final","resources":{"hostingSite":"sabkla-final","realtimeDatabaseInstance":"sabkla-final-default-rtdb","storageBucket":"sabkla-final.appspot.com","locationId":"asia-south1"},"state":"ACTIVE"}
[info] 
[info] === Deploying to 'sabkla-final'...
[info] 
[info] i  deploying hosting 
[debug] [2021-06-15T18:46:15.178Z] > refreshing access token with scopes: ["email","https://www.googleapis.com/auth/cloud-platform","https://www.googleapis.com/auth/cloudplatformprojects.readonly","https://www.googleapis.com/auth/firebase","openid"]
[debug] [2021-06-15T18:46:15.178Z] >>> HTTP REQUEST POST https://www.googleapis.com/oauth2/v3/token  
 <request body omitted>
[debug] [2021-06-15T18:46:15.515Z] <<< HTTP RESPONSE 200 {"date":"Tue, 15 Jun 2021 18:46:14 GMT","cache-control":"no-cache, no-store, max-age=0, must-revalidate","expires":"Mon, 01 Jan 1990 00:00:00 GMT","pragma":"no-cache","content-type":"application/json; charset=utf-8","vary":"X-Origin, Referer, Origin,Accept-Encoding","server":"scaffolding on HTTPServer2","x-xss-protection":"0","x-frame-options":"SAMEORIGIN","x-content-type-options":"nosniff","alt-svc":"h3=\":443\"; ma=2592000,h3-29=\":443\"; ma=2592000,h3-T051=\":443\"; ma=2592000,h3-Q050=\":443\"; ma=2592000,h3-Q046=\":443\"; ma=2592000,h3-Q043=\":443\"; ma=2592000,quic=\":443\"; ma=2592000; v=\"46,43\"","accept-ranges":"none","transfer-encoding":"chunked"}
[debug] [2021-06-15T18:46:15.525Z] >>> HTTP REQUEST POST https://firebasehosting.googleapis.com/v1beta1/sites/sabkla-final/versions  
 {"config":{"rewrites":[{"glob":"**","path":"/index.html"}]},"labels":{"deployment-tool":"cli-firebase"}}
[debug] [2021-06-15T18:46:17.869Z] <<< HTTP RESPONSE 200 {"content-type":"application/json; charset=UTF-8","vary":"X-Origin, Referer, Origin,Accept-Encoding","date":"Tue, 15 Jun 2021 18:46:16 GMT","server":"ESF","cache-control":"private","x-xss-protection":"0","x-frame-options":"SAMEORIGIN","x-content-type-options":"nosniff","alt-svc":"h3=\":443\"; ma=2592000,h3-29=\":443\"; ma=2592000,h3-T051=\":443\"; ma=2592000,h3-Q050=\":443\"; ma=2592000,h3-Q046=\":443\"; ma=2592000,h3-Q043=\":443\"; ma=2592000,quic=\":443\"; ma=2592000; v=\"46,43\"","accept-ranges":"none","transfer-encoding":"chunked"}
[info] i  hosting[sabkla-final]: beginning deploy... 
[info] i  hosting[sabkla-final]: found 35 files in build 
[debug] [2021-06-15T18:46:18.500Z] > refreshing access token with scopes: []
[debug] [2021-06-15T18:46:18.500Z] >>> HTTP REQUEST POST https://www.googleapis.com/oauth2/v3/token  
 <request body omitted>
[debug] [2021-06-15T18:46:18.503Z] [hosting] hash cache [YnVpbGQ] stored for 35 files
[debug] [2021-06-15T18:46:18.503Z] [hosting][hash queue][FINAL] {"max":600,"min":3,"avg":25.228571428571428,"active":0,"complete":35,"success":35,"errored":0,"retried":0,"total":35,"elapsed":612}
[debug] [2021-06-15T18:46:18.868Z] <<< HTTP RESPONSE 200 {"expires":"Mon, 01 Jan 1990 00:00:00 GMT","date":"Tue, 15 Jun 2021 18:46:17 GMT","cache-control":"no-cache, no-store, max-age=0, must-revalidate","pragma":"no-cache","content-type":"application/json; charset=utf-8","vary":"X-Origin, Referer, Origin,Accept-Encoding","server":"scaffolding on HTTPServer2","x-xss-protection":"0","x-frame-options":"SAMEORIGIN","x-content-type-options":"nosniff","alt-svc":"h3=\":443\"; ma=2592000,h3-29=\":443\"; ma=2592000,h3-T051=\":443\"; ma=2592000,h3-Q050=\":443\"; ma=2592000,h3-Q046=\":443\"; ma=2592000,h3-Q043=\":443\"; ma=2592000,quic=\":443\"; ma=2592000; v=\"46,43\"","accept-ranges":"none","transfer-encoding":"chunked"}
[debug] [2021-06-15T18:46:18.879Z] >>> [apiv2][query] POST https://firebasehosting.googleapis.com/v1beta1/sites/sabkla-final/versions/9d8f04350d0df79b:populateFiles [none]
[debug] [2021-06-15T18:46:18.880Z] >>> [apiv2][body] POST https://firebasehosting.googleapis.com/v1beta1/sites/sabkla-final/versions/9d8f04350d0df79b:populateFiles {"files":{"/404.html":"daa499dd96d8229e73235345702ba32f0793f0c8e5c0d30e40e37a5872be57aa","/favicon.ico":"eae62e993eb980ec8a25058c39d5a51feab118bd2100c4deebb2a9c158ec11f9","/logo192.png":"cb5193c5df0642c0728654928b5b1681502744797af80277ca3f45b7adfb896e","/logo512.png":"ee7e2f3fdb8209c4b6fd7bef6ba50d1b9dba30a25bb5c3126df057e1cb6f5331","/manifest.json":"aff3449bdc238776f5d6d967f19ec491b36aed5fb7f23ccff6500736fd58494a","/robots.txt":"bfe106a3fb878dc83461c86818bf74fc1bdc7f28538ba613cd3e775516ce8b49","/images/1.png":"f336f0aa4781944f9bfece8cdb6048f69024bd7514624489f7c9487e1ebdc543","/images/2.png":"1609bc2c55374e698bb9b89783cf670eab8a6e4e3dac0464315a11fe808fa769","/images/3.png":"4ca6494dc0f95fdbfcc09d5ba25fe716d3c84ff113d77535b526a3d4da5f9892","/images/background.jpeg":"fe8c5d29c5b6e40775c2496c5e5a28f47311a8ce16c75312f39ec4b630a73717","/images/bag_logo.png":"cb5193c5df0642c0728654928b5b1681502744797af80277ca3f45b7adfb896e","/images/himbhoosha.jpeg":"2fa83931fcd54c52b375d58e3c89a375cf41f95663c946bd65c1ccadd89ffda9","/images/homeproduct1.JPG":"0479af33224237cd5c693692b276b5fbe6c1c6b5eaef4844666eef630ad9fd9f","/images/inbag_logo.png":"af1c743af8e3bf7620b88430a999837d4e157822aa0d50c533466ea00ab420c9","/images/kids.jpeg":"25395bbf4e2a159ff798da7628d3e19255f91a02160f3feccf62c9e112e64a7c","/images/men.jpeg":"423da052d6d4c7edef9180ec497082db316aa4037ee9e069f1be1a82a7e29712","/images/other.jpeg":"4fc97b2c20cf72c76e16b588abd624327be0b9ad52ed1aab2170041a3249454a","/images/women.jpeg":"99cd9c2312e42c791329dbbe155873e931947fab468420c384b124623547fdf5","/asset-manifest.json":"db2747aec151506c7ea93d0a194d9811c89ec8da177769a8fbb28308c6b81251","/index.html":"1c36fcebad169c52ad7ddd1578f1c06be2ecdb95ee8cdd5366fb68c1952c9e5a","/images/hori_logo.png":"a272d9539e46599cd652ab0f24bf8636aea7ff490bf0a78b479f1d2affbc5615","/images/onlinelogomaker-061321-2317-4455.png":"aa6dfe2af473cb47bda64fa3e89a8f7ae25238ece22725aba3eb7a8cd997359c","/static/css/2.0ccb862f.chunk.css":"fb5e0a3461996a033be7321c987799f3931627cd4fe85e1a7b12ea09aae1da01","/images/onlinelogomaker-061321-2320-6011.png":"9efb3167b48a92d60e3f13834bd385e4a32dd836a6857fc43aff47a5e7be173a","/static/css/2.0ccb862f.chunk.css.map":"120de827a80d4b802ec61137e3a8c6d57242806a076fe7dd334b081f70f605ee","/static/css/main.a3923bbb.chunk.css":"cea5de11e10cfffe14bef0522933052faa12d9fdc1c83f138b8d649433d48831","/static/js/2.8058a109.chunk.js.LICENSE.txt":"2312bad32d362f6d6cf48f54219077fc34f54dcb7eeae10b1a74b95e3a2f5917","/static/css/main.a3923bbb.chunk.css.map":"3150e4e6ff6cc199887bcfa3a5c44c33627488e20837b43ce43d0f5b22c3ce26","/static/js/main.1ead65be.chunk.js":"6cce7dcb4dc9e98db4f68d39648fa7481750c65206088a05a6383128f53511ef","/static/js/runtime-main.e1ec83c8.js":"9aba2282c6dce73299308614c5efd7b0d6f3fbcd0efa8d8881d03faaa201627b","/static/js/runtime-main.e1ec83c8.js.map":"95cff383fb9166174de47cfcc80a4d1fb4a49faf1cd68929c0b674b4a8019689","/images/onlinelogomaker-061321-2310-1844.png":"2f3b8d5fa96140dca513d50bc513f58259b0559ccefb07ee432dbcf686e80086","/static/js/main.1ead65be.chunk.js.map":"5d1ce985f001cb88817d94d8cdd556fe89323e3d671655965402d803169a2c7e","/static/js/2.8058a109.chunk.js":"e968d7b18629ec4fe3942a7e183b90dee6edae70d167ad9c90a0b12e9ad9c533","/static/js/2.8058a109.chunk.js.map":"85e3635e6a003f22b3816da496d15005184d4bb5f44d10319bc08025d97a85f0"}}
[debug] [2021-06-15T18:46:20.871Z] <<< [apiv2][status] POST https://firebasehosting.googleapis.com/v1beta1/sites/sabkla-final/versions/9d8f04350d0df79b:populateFiles 200
[debug] [2021-06-15T18:46:20.871Z] <<< [apiv2][body] POST https://firebasehosting.googleapis.com/v1beta1/sites/sabkla-final/versions/9d8f04350d0df79b:populateFiles {"uploadRequiredHashes":["aa6dfe2af473cb47bda64fa3e89a8f7ae25238ece22725aba3eb7a8cd997359c","3150e4e6ff6cc199887bcfa3a5c44c33627488e20837b43ce43d0f5b22c3ce26","85e3635e6a003f22b3816da496d15005184d4bb5f44d10319bc08025d97a85f0","6cce7dcb4dc9e98db4f68d39648fa7481750c65206088a05a6383128f53511ef","e968d7b18629ec4fe3942a7e183b90dee6edae70d167ad9c90a0b12e9ad9c533","5d1ce985f001cb88817d94d8cdd556fe89323e3d671655965402d803169a2c7e","2f3b8d5fa96140dca513d50bc513f58259b0559ccefb07ee432dbcf686e80086","1c36fcebad169c52ad7ddd1578f1c06be2ecdb95ee8cdd5366fb68c1952c9e5a","9efb3167b48a92d60e3f13834bd385e4a32dd836a6857fc43aff47a5e7be173a","cea5de11e10cfffe14bef0522933052faa12d9fdc1c83f138b8d649433d48831","db2747aec151506c7ea93d0a194d9811c89ec8da177769a8fbb28308c6b81251","a272d9539e46599cd652ab0f24bf8636aea7ff490bf0a78b479f1d2affbc5615"],"uploadUrl":"https://upload-firebasehosting.googleapis.com/upload/sites/sabkla-final/versions/9d8f04350d0df79b/files"}
[debug] [2021-06-15T18:46:20.875Z] >>> [apiv2][query] POST https://upload-firebasehosting.googleapis.com/upload/sites/sabkla-final/versions/9d8f04350d0df79b/files/aa6dfe2af473cb47bda64fa3e89a8f7ae25238ece22725aba3eb7a8cd997359c [none]
[debug] [2021-06-15T18:46:20.875Z] >>> [apiv2][body] POST https://upload-firebasehosting.googleapis.com/upload/sites/sabkla-final/versions/9d8f04350d0df79b/files/aa6dfe2af473cb47bda64fa3e89a8f7ae25238ece22725aba3eb7a8cd997359c [stream]
[debug] [2021-06-15T18:46:20.876Z] >>> [apiv2][query] POST https://upload-firebasehosting.googleapis.com/upload/sites/sabkla-final/versions/9d8f04350d0df79b/files/3150e4e6ff6cc199887bcfa3a5c44c33627488e20837b43ce43d0f5b22c3ce26 [none]
[debug] [2021-06-15T18:46:20.876Z] >>> [apiv2][body] POST https://upload-firebasehosting.googleapis.com/upload/sites/sabkla-final/versions/9d8f04350d0df79b/files/3150e4e6ff6cc199887bcfa3a5c44c33627488e20837b43ce43d0f5b22c3ce26 [stream]
[debug] [2021-06-15T18:46:20.878Z] >>> [apiv2][query] POST https://upload-firebasehosting.googleapis.com/upload/sites/sabkla-final/versions/9d8f04350d0df79b/files/85e3635e6a003f22b3816da496d15005184d4bb5f44d10319bc08025d97a85f0 [none]
[debug] [2021-06-15T18:46:20.878Z] >>> [apiv2][body] POST https://upload-firebasehosting.googleapis.com/upload/sites/sabkla-final/versions/9d8f04350d0df79b/files/85e3635e6a003f22b3816da496d15005184d4bb5f44d10319bc08025d97a85f0 [stream]
[debug] [2021-06-15T18:46:20.879Z] >>> [apiv2][query] POST https://upload-firebasehosting.googleapis.com/upload/sites/sabkla-final/versions/9d8f04350d0df79b/files/6cce7dcb4dc9e98db4f68d39648fa7481750c65206088a05a6383128f53511ef [none]
[debug] [2021-06-15T18:46:20.879Z] >>> [apiv2][body] POST https://upload-firebasehosting.googleapis.com/upload/sites/sabkla-final/versions/9d8f04350d0df79b/files/6cce7dcb4dc9e98db4f68d39648fa7481750c65206088a05a6383128f53511ef [stream]
[debug] [2021-06-15T18:46:20.880Z] >>> [apiv2][query] POST https://upload-firebasehosting.googleapis.com/upload/sites/sabkla-final/versions/9d8f04350d0df79b/files/e968d7b18629ec4fe3942a7e183b90dee6edae70d167ad9c90a0b12e9ad9c533 [none]
[debug] [2021-06-15T18:46:20.880Z] >>> [apiv2][body] POST https://upload-firebasehosting.googleapis.com/upload/sites/sabkla-final/versions/9d8f04350d0df79b/files/e968d7b18629ec4fe3942a7e183b90dee6edae70d167ad9c90a0b12e9ad9c533 [stream]
[debug] [2021-06-15T18:46:20.880Z] >>> [apiv2][query] POST https://upload-firebasehosting.googleapis.com/upload/sites/sabkla-final/versions/9d8f04350d0df79b/files/5d1ce985f001cb88817d94d8cdd556fe89323e3d671655965402d803169a2c7e [none]
[debug] [2021-06-15T18:46:20.881Z] >>> [apiv2][body] POST https://upload-firebasehosting.googleapis.com/upload/sites/sabkla-final/versions/9d8f04350d0df79b/files/5d1ce985f001cb88817d94d8cdd556fe89323e3d671655965402d803169a2c7e [stream]
[debug] [2021-06-15T18:46:20.881Z] >>> [apiv2][query] POST https://upload-firebasehosting.googleapis.com/upload/sites/sabkla-final/versions/9d8f04350d0df79b/files/2f3b8d5fa96140dca513d50bc513f58259b0559ccefb07ee432dbcf686e80086 [none]
[debug] [2021-06-15T18:46:20.882Z] >>> [apiv2][body] POST https://upload-firebasehosting.googleapis.com/upload/sites/sabkla-final/versions/9d8f04350d0df79b/files/2f3b8d5fa96140dca513d50bc513f58259b0559ccefb07ee432dbcf686e80086 [stream]
[debug] [2021-06-15T18:46:20.885Z] >>> [apiv2][query] POST https://upload-firebasehosting.googleapis.com/upload/sites/sabkla-final/versions/9d8f04350d0df79b/files/1c36fcebad169c52ad7ddd1578f1c06be2ecdb95ee8cdd5366fb68c1952c9e5a [none]
[debug] [2021-06-15T18:46:20.885Z] >>> [apiv2][body] POST https://upload-firebasehosting.googleapis.com/upload/sites/sabkla-final/versions/9d8f04350d0df79b/files/1c36fcebad169c52ad7ddd1578f1c06be2ecdb95ee8cdd5366fb68c1952c9e5a [stream]
[debug] [2021-06-15T18:46:20.886Z] >>> [apiv2][query] POST https://upload-firebasehosting.googleapis.com/upload/sites/sabkla-final/versions/9d8f04350d0df79b/files/9efb3167b48a92d60e3f13834bd385e4a32dd836a6857fc43aff47a5e7be173a [none]
[debug] [2021-06-15T18:46:20.886Z] >>> [apiv2][body] POST https://upload-firebasehosting.googleapis.com/upload/sites/sabkla-final/versions/9d8f04350d0df79b/files/9efb3167b48a92d60e3f13834bd385e4a32dd836a6857fc43aff47a5e7be173a [stream]
[debug] [2021-06-15T18:46:20.887Z] >>> [apiv2][query] POST https://upload-firebasehosting.googleapis.com/upload/sites/sabkla-final/versions/9d8f04350d0df79b/files/cea5de11e10cfffe14bef0522933052faa12d9fdc1c83f138b8d649433d48831 [none]
[debug] [2021-06-15T18:46:20.888Z] >>> [apiv2][body] POST https://upload-firebasehosting.googleapis.com/upload/sites/sabkla-final/versions/9d8f04350d0df79b/files/cea5de11e10cfffe14bef0522933052faa12d9fdc1c83f138b8d649433d48831 [stream]
[debug] [2021-06-15T18:46:20.889Z] >>> [apiv2][query] POST https://upload-firebasehosting.googleapis.com/upload/sites/sabkla-final/versions/9d8f04350d0df79b/files/db2747aec151506c7ea93d0a194d9811c89ec8da177769a8fbb28308c6b81251 [none]
[debug] [2021-06-15T18:46:20.889Z] >>> [apiv2][body] POST https://upload-firebasehosting.googleapis.com/upload/sites/sabkla-final/versions/9d8f04350d0df79b/files/db2747aec151506c7ea93d0a194d9811c89ec8da177769a8fbb28308c6b81251 [stream]
[debug] [2021-06-15T18:46:20.890Z] >>> [apiv2][query] POST https://upload-firebasehosting.googleapis.com/upload/sites/sabkla-final/versions/9d8f04350d0df79b/files/a272d9539e46599cd652ab0f24bf8636aea7ff490bf0a78b479f1d2affbc5615 [none]
[debug] [2021-06-15T18:46:20.890Z] >>> [apiv2][body] POST https://upload-firebasehosting.googleapis.com/upload/sites/sabkla-final/versions/9d8f04350d0df79b/files/a272d9539e46599cd652ab0f24bf8636aea7ff490bf0a78b479f1d2affbc5615 [stream]
[debug] [2021-06-15T18:46:20.891Z] [hosting][populate queue][FINAL] {"max":2375,"min":2375,"avg":2375,"active":0,"complete":1,"success":1,"errored":0,"retried":0,"total":1,"elapsed":2391}
[debug] [2021-06-15T18:46:20.892Z] [hosting] uploads queued: 12
[debug] [2021-06-15T18:46:22.926Z] <<< [apiv2][status] POST https://upload-firebasehosting.googleapis.com/upload/sites/sabkla-final/versions/9d8f04350d0df79b/files/a272d9539e46599cd652ab0f24bf8636aea7ff490bf0a78b479f1d2affbc5615 200
[debug] [2021-06-15T18:46:22.926Z] <<< [apiv2][body] POST https://upload-firebasehosting.googleapis.com/upload/sites/sabkla-final/versions/9d8f04350d0df79b/files/a272d9539e46599cd652ab0f24bf8636aea7ff490bf0a78b479f1d2affbc5615 [stream]
[debug] [2021-06-15T18:46:22.928Z] <<< [apiv2][status] POST https://upload-firebasehosting.googleapis.com/upload/sites/sabkla-final/versions/9d8f04350d0df79b/files/6cce7dcb4dc9e98db4f68d39648fa7481750c65206088a05a6383128f53511ef 200
[debug] [2021-06-15T18:46:22.928Z] <<< [apiv2][body] POST https://upload-firebasehosting.googleapis.com/upload/sites/sabkla-final/versions/9d8f04350d0df79b/files/6cce7dcb4dc9e98db4f68d39648fa7481750c65206088a05a6383128f53511ef [stream]
[debug] [2021-06-15T18:46:22.962Z] <<< [apiv2][status] POST https://upload-firebasehosting.googleapis.com/upload/sites/sabkla-final/versions/9d8f04350d0df79b/files/aa6dfe2af473cb47bda64fa3e89a8f7ae25238ece22725aba3eb7a8cd997359c 200
[debug] [2021-06-15T18:46:22.963Z] <<< [apiv2][body] POST https://upload-firebasehosting.googleapis.com/upload/sites/sabkla-final/versions/9d8f04350d0df79b/files/aa6dfe2af473cb47bda64fa3e89a8f7ae25238ece22725aba3eb7a8cd997359c [stream]
[debug] [2021-06-15T18:46:23.246Z] <<< [apiv2][status] POST https://upload-firebasehosting.googleapis.com/upload/sites/sabkla-final/versions/9d8f04350d0df79b/files/85e3635e6a003f22b3816da496d15005184d4bb5f44d10319bc08025d97a85f0 200
[debug] [2021-06-15T18:46:23.246Z] <<< [apiv2][body] POST https://upload-firebasehosting.googleapis.com/upload/sites/sabkla-final/versions/9d8f04350d0df79b/files/85e3635e6a003f22b3816da496d15005184d4bb5f44d10319bc08025d97a85f0 [stream]
